23:18:45 SQL> 
23:18:45 SQL> 
23:18:45 SQL> drop table product_master;
drop table product_master
           *
ERROR at line 1:
ORA-00942: table or view does not exist 


Elapsed: 00:00:00.03
23:18:45 SQL> 
23:18:45 SQL> create table product_master
23:18:45   2  	(product_no varchar2(20),
23:18:45   3  	description varchar2(20),
23:18:45   4  	profit_percent number,
23:18:45   5  	unit_measure varchar2(20),
23:18:45   6  	qty_on_hand number,
23:18:45   7  	reorder_lvl number,
23:18:45   8  	sell_price number,
23:18:45   9  	cost_price number);

Table created.

Elapsed: 00:00:00.03
23:18:45 SQL> 
23:18:45 SQL> spool off;
