16:07:26 SQL> 
16:07:26 SQL> 
16:07:26 SQL> drop table product_master;
drop table product_master
           *
ERROR at line 1:
ORA-00942: table or view does not exist 


Elapsed: 00:00:00.00
16:07:26 SQL> 
16:07:26 SQL> create table product_master
16:07:26   2  	(product_no varchar2(20),
16:07:26   3  	description varchar2(20),
16:07:26   4  	profit_percent number,
16:07:26   5  	unit_measure varchar2(20),
16:07:26   6  	qty_on_hand number,
16:07:26   7  	reorder_lvl number,
16:07:26   8  	sell_price number,
16:07:26   9  	cost_price number);

Table created.

Elapsed: 00:00:00.06
16:07:26 SQL> 
16:07:26 SQL> spool off;
