
SQL*Loader: Release 11.2.0.2.0 - Production on Mon Jul 25 13:41:58 2016

Copyright (c) 1982, 2009, Oracle and/or its affiliates.  All rights reserved.

Control File:   ctl/sales_order_details.ctl
Data File:      csv/sales_order_details.csv
  Bad File:     sales_order_details.bad
  Discard File: sales_order_details.log 
 (Allow all discards)

Number to load: ALL
Number to skip: 1
Errors allowed: 50
Bind array:     64 rows, maximum of 256000 bytes
Continuation:    none specified
Path used:      Conventional

Table SALES_ORDER_DETAILS, loaded from every logical record.
Insert option in effect for this table: INSERT

   Column Name                  Position   Len  Term Encl Datatype
------------------------------ ---------- ----- ---- ---- ---------------------
S_ORDER_NO                          FIRST     *   ,  O(') CHARACTER            
PRODUCT_NO                           NEXT     *   ,  O(') CHARACTER            
QTY_ORDER                            NEXT     *   ,  O(') CHARACTER            
QTY_DISP                             NEXT     *   ,  O(') CHARACTER            
PRODUCT_RATE                         NEXT     *   ,  O(') CHARACTER            

Record 5: Rejected - Error on table SALES_ORDER_DETAILS.
ORA-02291: integrity constraint (CE150.SYS_C0078311) violated - parent key not found

Record 6: Rejected - Error on table SALES_ORDER_DETAILS.
ORA-02291: integrity constraint (CE150.SYS_C0078311) violated - parent key not found


Table SALES_ORDER_DETAILS:
  10 Rows successfully loaded.
  2 Rows not loaded due to data errors.
  0 Rows not loaded because all WHEN clauses were failed.
  0 Rows not loaded because all fields were null.


Space allocated for bind array:                  82560 bytes(64 rows)
Read   buffer bytes: 1048576

Total logical records skipped:          1
Total logical records read:            12
Total logical records rejected:         2
Total logical records discarded:        0

Run began on Mon Jul 25 13:41:58 2016
Run ended on Mon Jul 25 13:42:03 2016

Elapsed time was:     00:00:05.59
CPU time was:         00:00:00.03
