16:07:24 SQL> 
16:07:24 SQL> drop table client_master;
drop table client_master
           *
ERROR at line 1:
ORA-00942: table or view does not exist 


Elapsed: 00:00:00.02
16:07:24 SQL> 
16:07:24 SQL> create table client_master
16:07:24   2  	(client_no varchar2(6),
16:07:24   3  	name varchar2(20),
16:07:24   4  	address1 varchar2(30),
16:07:24   5  	address2 varchar2(30),
16:07:24   6  	city varchar2(15),
16:07:24   7  	state varchar2(15),
16:07:24   8  	pincode number(6),
16:07:24   9  	bal_due number(10,2));

Table created.

Elapsed: 00:00:00.26
16:07:24 SQL> 
16:07:24 SQL> spool off;
