
SQL*Loader: Release 11.2.0.2.0 - Production on Wed Aug 19 12:52:37 2015

Copyright (c) 1982, 2009, Oracle and/or its affiliates.  All rights reserved.

Control File:   ctl/datadump.ctl
Data File:      csv/datadump.csv
  Bad File:     bad_ibm_contracts.csv
  Discard File: discard_ibm_contracts.log 
 (Allow all discards)

Number to load: ALL
Number to skip: 1
Errors allowed: 50
Bind array:     64 rows, maximum of 256000 bytes
Continuation:    none specified
Path used:      Conventional

Table IBM_CONTRACTS, loaded from every logical record.
Insert option in effect for this table: INSERT

   Column Name                  Position   Len  Term Encl Datatype
------------------------------ ---------- ----- ---- ---- ---------------------
TRANSACTION                         FIRST     *   ,  O(") CHARACTER            
AWARDID                              NEXT     *   ,  O(") CHARACTER            
ORDERNUMBER                          NEXT     *   ,  O(") CHARACTER            
DUNS                                 NEXT     *   ,  O(") CHARACTER            
RECIPIENT                            NEXT     *   ,  O(") CHARACTER            
RECIPIENTCITY                        NEXT     *   ,  O(") CHARACTER            
    SQL string for column : "trim(:RecipientCity)"
RECIPIENTSTATE                       NEXT     *   ,  O(") CHARACTER            
RECIPIENTCD                          NEXT     *   ,  O(") CHARACTER            
RECIPIENTCOUNTRY                     NEXT     *   ,  O(") CHARACTER            
POPSTATE                             NEXT     *   ,  O(") CHARACTER            
POPCD                                NEXT     *   ,  O(") CHARACTER            
POPCOUNTRY                           NEXT     *   ,  O(") CHARACTER            
AWARDAMOUNT                          NEXT     *   ,  O(") CHARACTER            
    SQL string for column : "to_number(:AwardAmount,'$999,999,999,999,999.00')"
AWARDDATE                            NEXT     *   ,  O(") DATE mm/dd/yyyy      
AWARDTYPE                            NEXT     *   ,  O(") CHARACTER            
AWARDINGAGENCY                       NEXT     *   ,  O(") CHARACTER            
AWARDINGBUREAU                       NEXT     *   ,  O(") CHARACTER            
FUNDINGAGENCY                        NEXT     *   ,  O(") CHARACTER            
FUNDINGBUREAU                        NEXT     *   ,  O(") CHARACTER            
CFDACODE                             NEXT     *   ,  O(") CHARACTER            
CFDATITLE                            NEXT     *   ,  O(") CHARACTER            
FISCALYEAR                           NEXT     *   ,  O(") CHARACTER            
ROLE                                 NEXT     *   ,  O(") CHARACTER            

value used for ROWS parameter changed from 64 to 43

Table IBM_CONTRACTS:
  10000 Rows successfully loaded.
  0 Rows not loaded due to data errors.
  0 Rows not loaded because all WHEN clauses were failed.
  0 Rows not loaded because all fields were null.


Space allocated for bind array:                 255162 bytes(43 rows)
Read   buffer bytes: 1048576

Total logical records skipped:          1
Total logical records read:         10000
Total logical records rejected:         0
Total logical records discarded:        0

Run began on Wed Aug 19 12:52:37 2015
Run ended on Wed Aug 19 12:52:48 2015

Elapsed time was:     00:00:11.00
CPU time was:         00:00:00.36
