23:18:41 SQL> 
23:18:41 SQL> drop table client_master;
drop table client_master
           *
ERROR at line 1:
ORA-00942: table or view does not exist 


Elapsed: 00:00:00.34
23:18:42 SQL> 
23:18:42 SQL> create table client_master
23:18:42   2  	(client_no varchar2(6),
23:18:42   3  	name varchar2(20),
23:18:42   4  	address1 varchar2(30),
23:18:42   5  	address2 varchar2(30),
23:18:42   6  	city varchar2(15),
23:18:42   7  	state varchar2(15),
23:18:42   8  	pincode number(6),
23:18:42   9  	bal_due number(10,2));

Table created.

Elapsed: 00:00:00.40
23:18:42 SQL> 
23:18:42 SQL> spool off;
