Total diffs 16
start 0 end 1 summation is 10
start 0 end 2 summation is -15
start 0 end 3 summation is 5
start 0 end 4 summation is 2
start 0 end 5 summation is -14
start 0 end 6 summation is -37
start 0 end 7 summation is -19
start 0 end 8 summation is 1
start 0 end 9 summation is -6
start 0 end 10 summation is 6
start 0 end 11 summation is 1
start 0 end 12 summation is -21
start 0 end 13 summation is -6
start 0 end 14 summation is -10
start 0 end 15 summation is -3


start 1 end 2 summation is -28
start 1 end 3 summation is -8
start 1 end 4 summation is -11
start 1 end 5 summation is -27
start 1 end 6 summation is -50
start 1 end 7 summation is -32
start 1 end 8 summation is -12
start 1 end 9 summation is -19
start 1 end 10 summation is -7
start 1 end 11 summation is -12
start 1 end 12 summation is -34
start 1 end 13 summation is -19
start 1 end 14 summation is -23
start 1 end 15 summation is -16


start 2 end 3 summation is -5
start 2 end 4 summation is -8
start 2 end 5 summation is -24
start 2 end 6 summation is -47
start 2 end 7 summation is -29
start 2 end 8 summation is -9
start 2 end 9 summation is -16
start 2 end 10 summation is -4
start 2 end 11 summation is -9
start 2 end 12 summation is -31
start 2 end 13 summation is -16
start 2 end 14 summation is -20
start 2 end 15 summation is -13


start 3 end 4 summation is 17
start 3 end 5 summation is 1
start 3 end 6 summation is -22
start 3 end 7 summation is -4
start 3 end 8 summation is 16
start 3 end 9 summation is 9
start 3 end 10 summation is 21
start 3 end 11 summation is 16
start 3 end 12 summation is -6
start 3 end 13 summation is 9
start 3 end 14 summation is 5
start 3 end 15 summation is 12


start 4 end 5 summation is -19
start 4 end 6 summation is -42
start 4 end 7 summation is -24
start 4 end 8 summation is -4
start 4 end 9 summation is -11
start 4 end 10 summation is 1
start 4 end 11 summation is -4
start 4 end 12 summation is -26
start 4 end 13 summation is -11
start 4 end 14 summation is -15
start 4 end 15 summation is -8


start 5 end 6 summation is -39
start 5 end 7 summation is -21
start 5 end 8 summation is -1
start 5 end 9 summation is -8
start 5 end 10 summation is 4
start 5 end 11 summation is -1
start 5 end 12 summation is -23
start 5 end 13 summation is -8
start 5 end 14 summation is -12
start 5 end 15 summation is -5


start 6 end 7 summation is -5
start 6 end 8 summation is 15
start 6 end 9 summation is 8
start 6 end 10 summation is 20
start 6 end 11 summation is 15
start 6 end 12 summation is -7
start 6 end 13 summation is 8
start 6 end 14 summation is 4
start 6 end 15 summation is 11


start 7 end 8 summation is 38
start 7 end 9 summation is 31
start 7 end 10 summation is 43
start 7 end 11 summation is 38
start 7 end 12 summation is 16
start 7 end 13 summation is 31
start 7 end 14 summation is 27
start 7 end 15 summation is 34


start 8 end 9 summation is 13
start 8 end 10 summation is 25
start 8 end 11 summation is 20
start 8 end 12 summation is -2
start 8 end 13 summation is 13
start 8 end 14 summation is 9
start 8 end 15 summation is 16


start 9 end 10 summation is 5
start 9 end 11 summation is 0
start 9 end 12 summation is -22
start 9 end 13 summation is -7
start 9 end 14 summation is -11
start 9 end 15 summation is -4


start 10 end 11 summation is 7
start 10 end 12 summation is -15
start 10 end 13 summation is 0
start 10 end 14 summation is -4
start 10 end 15 summation is 3


start 11 end 12 summation is -27
start 11 end 13 summation is -12
start 11 end 14 summation is -16
start 11 end 15 summation is -9


start 12 end 13 summation is -7
start 12 end 14 summation is -11
start 12 end 15 summation is -4


start 13 end 14 summation is 11
start 13 end 15 summation is 18


start 14 end 15 summation is 3


Summation of max subarra 43
Start: 7
End: 10
