
SQL*Loader: Release 11.2.0.2.0 - Production on Fri Jul 17 09:05:49 2015

Copyright (c) 1982, 2009, Oracle and/or its affiliates.  All rights reserved.

Control File:   ctl/math_sample.ctl
Data File:      csv/math_sample.csv
  Bad File:     ctl/math_sample.bad
  Discard File:  none specified
 
 (Allow all discards)

Number to load: ALL
Number to skip: 0
Errors allowed: 50
Bind array:     64 rows, maximum of 256000 bytes
Continuation:    none specified
Path used:      Conventional

Table MATH_SAMPLE, loaded from every logical record.
Insert option in effect for this table: INSERT

   Column Name                  Position   Len  Term Encl Datatype
------------------------------ ---------- ----- ---- ---- ---------------------
IDATA                               FIRST     *   ,       CHARACTER            


Table MATH_SAMPLE:
  100 Rows successfully loaded.
  0 Rows not loaded due to data errors.
  0 Rows not loaded because all WHEN clauses were failed.
  0 Rows not loaded because all fields were null.


Space allocated for bind array:                  16512 bytes(64 rows)
Read   buffer bytes: 1048576

Total logical records skipped:          0
Total logical records read:           100
Total logical records rejected:         0
Total logical records discarded:        0

Run began on Fri Jul 17 09:05:49 2015
Run ended on Fri Jul 17 09:05:51 2015

Elapsed time was:     00:00:02.36
CPU time was:         00:00:00.03
