FLOOR(MONTHS_BETWEEN(SYSDATE,TO_DATE('01-MAR-1988','DD-MON-YYYY'))/12)
----------------------------------------------------------------------
                                                                    27 

table SECURITYMAN dropped.
table SECURITYMAN created.
no rows selected


Error starting at line 1 in command:
drop trigger tr_smanagewhenjoined
Error report:
SQL Error: ORA-04080: trigger 'TR_SMANAGEWHENJOINED' does not exist
04080. 00000 -  "trigger '%s' does not exist"
*Cause:    The TRIGGER name is invalid.
*Action:   Check the trigger name.
TRIGGER TR_SMANAGEWHENJOINED compiled
0 rows deleted.
1 rows inserted.
1 rows inserted.
1 rows inserted.
1 rows updated.
        ID NAME                 DOB       AGEWHENJOINED JOINING_DATE
---------- -------------------- --------- ------------- ------------
         1 James                01-JAN-97            18 12-SEP-15    
         2 Karen                15-AUG-93            22 12-SEP-15    
         3 Naic                 25-APR-95            20 12-SEP-15    

        ID NAME               
---------- --------------------
         1 James                
         2 Karen                
         3 Naic                 

