
HelloWorld.c File type:                regular file

Last status change:       Thu Aug 21 09:05:58 2025

Last file access:         Thu Aug 21 09:06:01 2025

Last file modification:   Thu Aug 21 09:05:58 2025

0
regularfile.txt File type:                regular file

Last status change:       Thu Aug 21 08:45:03 2025

Last file access:         Thu Aug 21 08:45:03 2025

Last file modification:   Thu Aug 21 08:45:03 2025

0
a.out File type:                regular file

Last status change:       Thu Aug 21 10:57:35 2025

Last file access:         Thu Aug 21 10:57:35 2025

Last file modification:   Thu Aug 21 10:57:35 2025

0
/usr/bin/touch File type:                regular file

Last status change:       Sun Jul 27 10:40:40 2025

Last file access:         Wed Aug 20 18:36:59 2025

Last file modification:   Tue Jul  8 05:30:00 2025

0
/proc/meminfo File type:                regular file

Last status change:       Thu Aug 21 14:07:42 2025

Last file access:         Thu Aug 21 14:07:42 2025

Last file modification:   Thu Aug 21 14:07:42 2025

0
directoryfile File type:                directory

Last status change:       Thu Aug 21 08:45:16 2025

Last file access:         Thu Aug 21 08:45:16 2025

Last file modification:   Thu Aug 21 08:45:16 2025

0
/dev/pts/1 File type:                character device

Last status change:       Thu Aug 21 10:47:02 2025

Last file access:         Thu Aug 21 10:48:32 2025

Last file modification:   Thu Aug 21 10:48:32 2025

0
/dev/null File type:                character device

Last status change:       Thu Aug 21 08:37:46 2025

Last file access:         Thu Aug 21 08:37:46 2025

Last file modification:   Thu Aug 21 08:37:46 2025

0
/dev/nvme0n1 File type:                block device

Last status change:       Thu Aug 21 08:37:45 2025

Last file access:         Thu Aug 21 08:52:51 2025

Last file modification:   Thu Aug 21 08:37:45 2025

0
namedpipefile File type:                FIFO/pipe

Last status change:       Thu Aug 21 08:48:51 2025

Last file access:         Thu Aug 21 08:48:51 2025

Last file modification:   Thu Aug 21 08:48:51 2025

0
/var/run/rpcbind.sock File type:                socket

Last status change:       Thu Aug 21 08:37:44 2025

Last file access:         Thu Aug 21 14:07:43 2025

Last file modification:   Thu Aug 21 14:07:42 2025

0
demoactualfile1 File type:                regular file

Last status change:       Thu Aug 21 08:51:04 2025

Last file access:         Thu Aug 21 08:51:18 2025

Last file modification:   Thu Aug 21 08:50:40 2025

0
demohardlinktofile1 File type:                regular file

Last status change:       Thu Aug 21 08:51:04 2025

Last file access:         Thu Aug 21 08:51:18 2025

Last file modification:   Thu Aug 21 08:50:40 2025

0
demosoftlinktofile1 File type:                symlink

Last status change:       Thu Aug 21 08:51:47 2025

Last file access:         Thu Aug 21 08:51:47 2025

Last file modification:   Thu Aug 21 08:51:47 2025

0